architecture-android/modules/structural/networking/implementation/build/intermediates/manifest_merge_blame_file/release/manifest-merger-blame-release-report.txt
1<?xml version="1.0" encoding="utf-8"?>
2<manifest xmlns:android="http://schemas.android.com/apk/res/android"
3    xmlns:dist="http://schemas.android.com/apk/distribution"
4    featureSplit="implementation"
5    package="com.example.app"
6    android:versionCode="1"
7    android:versionName="1.0" >
8
9    <uses-sdk
10        android:minSdkVersion="21"
10-->src/main/AndroidManifest.xml
11        android:targetSdkVersion="31" />
11-->[:modules:structural:networking:interface] AndroidManifest.xml:7:9-38
12
13    <dist:module
13-->src/main/AndroidManifest.xml:5:5-12:19
14        dist:instant="false"
14-->src/main/AndroidManifest.xml:6:9-29
15        dist:title="@string/title_implementation" >
15-->src/main/AndroidManifest.xml:7:9-50
16        <dist:delivery>
16-->src/main/AndroidManifest.xml:8:9-10:25
17            <dist:on-demand />
17-->src/main/AndroidManifest.xml:9:13-31
18        </dist:delivery>
19
20        <dist:fusing dist:include="true" />
20-->src/main/AndroidManifest.xml:11:9-44
20-->src/main/AndroidManifest.xml:11:22-41
21    </dist:module>
22
23    <application />
24
25</manifest>